<?xml version="1.0" encoding="UTF-8"?>
<!-- Generated by org.testng.reporters.JUnitReportReporter -->
<testsuite hostname="user" failures="0" tests="1" name="com.testrunner.testRunner" time="1.398" errors="1" timestamp="2025-04-12T15:02:26 IST" skipped="0">
  <testcase classname="com.testrunner.testRunner" name="setUpClass" time="1.398">
    <error message="io.cucumber.core.backend.ObjectFactory: Provider com.config.CustomObjectFactory not found" type="java.util.ServiceConfigurationError">
      <![CDATA[java.util.ServiceConfigurationError: io.cucumber.core.backend.ObjectFactory: Provider com.config.CustomObjectFactory not found
at java.base/java.util.ServiceLoader.fail(ServiceLoader.java:593)
at java.base/java.util.ServiceLoader$LazyClassPathLookupIterator.nextProviderClass(ServiceLoader.java:1219)
at java.base/java.util.ServiceLoader$LazyClassPathLookupIterator.hasNextService(ServiceLoader.java:1228)
at java.base/java.util.ServiceLoader$LazyClassPathLookupIterator.hasNext(ServiceLoader.java:1273)
at java.base/java.util.ServiceLoader$2.hasNext(ServiceLoader.java:1309)
at java.base/java.util.ServiceLoader$3.hasNext(ServiceLoader.java:1393)
at io.cucumber.core.runtime.ObjectFactoryServiceLoader.loadSingleObjectFactoryOrDefault(ObjectFactoryServiceLoader.java:55)
at io.cucumber.core.runtime.ObjectFactoryServiceLoader.loadObjectFactory(ObjectFactoryServiceLoader.java:43)
at java.base/java.lang.ThreadLocal$SuppliedThreadLocal.initialValue(ThreadLocal.java:305)
at java.base/java.lang.ThreadLocal.setInitialValue(ThreadLocal.java:195)
at java.base/java.lang.ThreadLocal.get(ThreadLocal.java:172)
at io.cucumber.core.runtime.ThreadLocalObjectFactorySupplier.get(ThreadLocalObjectFactorySupplier.java:18)
at io.cucumber.core.runtime.BackendServiceLoader.loadBackends(BackendServiceLoader.java:48)
at io.cucumber.core.runtime.BackendServiceLoader.get(BackendServiceLoader.java:37)
at io.cucumber.core.runtime.BackendServiceLoader.get(BackendServiceLoader.java:33)
at io.cucumber.core.runtime.ThreadLocalRunnerSupplier.createRunner(ThreadLocalRunnerSupplier.java:46)
at java.base/java.lang.ThreadLocal$SuppliedThreadLocal.initialValue(ThreadLocal.java:305)
at java.base/java.lang.ThreadLocal.setInitialValue(ThreadLocal.java:195)
at java.base/java.lang.ThreadLocal.get(ThreadLocal.java:172)
at io.cucumber.core.runtime.ThreadLocalRunnerSupplier.get(ThreadLocalRunnerSupplier.java:40)
at io.cucumber.core.runtime.RethrowingThrowableCollector.executeAndThrow(RethrowingThrowableCollector.java:35)
at io.cucumber.core.runtime.CucumberExecutionContext.getRunner(CucumberExecutionContext.java:140)
at io.cucumber.core.runtime.CucumberExecutionContext.runBeforeAllHooks(CucumberExecutionContext.java:92)
at io.cucumber.testng.TestNGCucumberRunner.<init>(TestNGCucumberRunner.java:127)
at io.cucumber.testng.AbstractTestNGCucumberTests.setUpClass(AbstractTestNGCucumberTests.java:27)
at java.base/jdk.internal.reflect.NativeMethodAccessorImpl.invoke0(Native Method)
at java.base/jdk.internal.reflect.NativeMethodAccessorImpl.invoke(NativeMethodAccessorImpl.java:77)
at java.base/jdk.internal.reflect.DelegatingMethodAccessorImpl.invoke(DelegatingMethodAccessorImpl.java:43)
at java.base/java.lang.reflect.Method.invoke(Method.java:568)
at org.testng.internal.invokers.MethodInvocationHelper.invokeMethod(MethodInvocationHelper.java:139)
at org.testng.internal.invokers.MethodInvocationHelper.invokeMethodConsideringTimeout(MethodInvocationHelper.java:69)
at org.testng.internal.invokers.ConfigInvoker.invokeConfigurationMethod(ConfigInvoker.java:393)
at org.testng.internal.invokers.ConfigInvoker.invokeConfigurations(ConfigInvoker.java:326)
at org.testng.internal.invokers.TestMethodWorker.invokeBeforeClassMethods(TestMethodWorker.java:180)
at org.testng.internal.invokers.TestMethodWorker.run(TestMethodWorker.java:122)
at java.base/java.util.ArrayList.forEach(ArrayList.java:1511)
at org.testng.TestRunner.privateRun(TestRunner.java:819)
at org.testng.TestRunner.run(TestRunner.java:619)
at org.testng.SuiteRunner.runTest(SuiteRunner.java:443)
at org.testng.SuiteRunner.runSequentially(SuiteRunner.java:437)
at org.testng.SuiteRunner.privateRun(SuiteRunner.java:397)
at org.testng.SuiteRunner.run(SuiteRunner.java:336)
at org.testng.SuiteRunnerWorker.runSuite(SuiteRunnerWorker.java:52)
at org.testng.SuiteRunnerWorker.run(SuiteRunnerWorker.java:95)
at org.testng.TestNG.runSuitesSequentially(TestNG.java:1301)
at org.testng.TestNG.runSuitesLocally(TestNG.java:1228)
at org.testng.TestNG.runSuites(TestNG.java:1134)
at org.testng.TestNG.run(TestNG.java:1101)
at org.testng.remote.AbstractRemoteTestNG.run(AbstractRemoteTestNG.java:115)
at org.testng.remote.RemoteTestNG.initAndRun(RemoteTestNG.java:293)
at org.testng.remote.RemoteTestNG.main(RemoteTestNG.java:91)
]]>
    </error>
  </testcase> <!-- setUpClass -->
</testsuite> <!-- com.testrunner.testRunner -->
