<?xml version="1.0" encoding="UTF-8"?>
<!-- Generated by org.testng.reporters.JUnitReportReporter -->
<testsuite hostname="user" failures="1" tests="3" name="com.testrunner.testRunner" time="87.367" errors="0" timestamp="2025-04-18T22:51:49 IST" skipped="0">
  <testcase classname="com.testrunner.testRunner" name="runScenario" time="39.651"/>
  <testcase classname="com.testrunner.testRunner" name="runScenario" time="40.916"/>
  <testcase classname="com.testrunner.testRunner" name="runScenario" time="6.800">
    <failure message="Title Verification failed expected [Home – Deutsche Bank Careers] but found [429 Too Many Requests]" type="java.lang.AssertionError">
      <![CDATA[java.lang.AssertionError: Title Verification failed expected [Home – Deutsche Bank Careers] but found [429 Too Many Requests]
at org.testng.Assert.fail(Assert.java:111)
at org.testng.Assert.failNotEquals(Assert.java:1578)
at org.testng.Assert.assertEqualsImpl(Assert.java:150)
at org.testng.Assert.assertEquals(Assert.java:132)
at org.testng.Assert.assertEquals(Assert.java:656)
at com.stepdefinitions.SearchFunctionality_Steps.usernavigateToCareersWebsite(SearchFunctionality_Steps.java:30)
at ✽.user should navigate to careers website(file:///C:/Users/Anushka/Documents/Test/src/test/resources/features/TestCase01.feature:6)
]]>
    </failure>
  </testcase> <!-- runScenario -->
</testsuite> <!-- com.testrunner.testRunner -->
